c:\users\wangb\onedrive - washington state university (email.wsu.edu)\study\cpts_122\pas\pa9\pa9\pa9_client\debug\vc142.pdb
c:\users\wangb\onedrive - washington state university (email.wsu.edu)\study\cpts_122\pas\pa9\pa9\pa9_client\debug\vc142.idb
c:\users\wangb\onedrive - washington state university (email.wsu.edu)\study\cpts_122\pas\pa9\pa9\pa9_client\debug\udp_client_sender.obj
c:\users\wangb\onedrive - washington state university (email.wsu.edu)\study\cpts_122\pas\pa9\pa9\pa9_client\debug\udp_client_receiver.obj
c:\users\wangb\onedrive - washington state university (email.wsu.edu)\study\cpts_122\pas\pa9\pa9\pa9_client\debug\ranklist.obj
c:\users\wangb\onedrive - washington state university (email.wsu.edu)\study\cpts_122\pas\pa9\pa9\pa9_client\debug\player.obj
c:\users\wangb\onedrive - washington state university (email.wsu.edu)\study\cpts_122\pas\pa9\pa9\pa9_client\debug\platform.obj
c:\users\wangb\onedrive - washington state university (email.wsu.edu)\study\cpts_122\pas\pa9\pa9\pa9_client\debug\obstacle.obj
c:\users\wangb\onedrive - washington state university (email.wsu.edu)\study\cpts_122\pas\pa9\pa9\pa9_client\debug\main.obj
c:\users\wangb\onedrive - washington state university (email.wsu.edu)\study\cpts_122\pas\pa9\pa9\pa9_client\debug\login.obj
c:\users\wangb\onedrive - washington state university (email.wsu.edu)\study\cpts_122\pas\pa9\pa9\pa9_client\debug\gameplay.obj
c:\users\wangb\onedrive - washington state university (email.wsu.edu)\study\cpts_122\pas\pa9\pa9\pa9_client\debug\collider.obj
c:\users\wangb\onedrive - washington state university (email.wsu.edu)\study\cpts_122\pas\pa9\pa9\pa9_client\debug\animation.obj
c:\users\wangb\onedrive - washington state university (email.wsu.edu)\study\cpts_122\pas\pa9\pa9\debug\pa9.ilk
c:\users\wangb\onedrive - washington state university (email.wsu.edu)\study\cpts_122\pas\pa9\pa9\debug\pa9.exe
c:\users\wangb\onedrive - washington state university (email.wsu.edu)\study\cpts_122\pas\pa9\pa9\debug\pa9.pdb
c:\users\wangb\onedrive - washington state university (email.wsu.edu)\study\cpts_122\pas\pa9\pa9\pa9_client\debug\pa9.tlog\cl.command.1.tlog
c:\users\wangb\onedrive - washington state university (email.wsu.edu)\study\cpts_122\pas\pa9\pa9\pa9_client\debug\pa9.tlog\cl.read.1.tlog
c:\users\wangb\onedrive - washington state university (email.wsu.edu)\study\cpts_122\pas\pa9\pa9\pa9_client\debug\pa9.tlog\cl.write.1.tlog
c:\users\wangb\onedrive - washington state university (email.wsu.edu)\study\cpts_122\pas\pa9\pa9\pa9_client\debug\pa9.tlog\link.command.1.tlog
c:\users\wangb\onedrive - washington state university (email.wsu.edu)\study\cpts_122\pas\pa9\pa9\pa9_client\debug\pa9.tlog\link.read.1.tlog
c:\users\wangb\onedrive - washington state university (email.wsu.edu)\study\cpts_122\pas\pa9\pa9\pa9_client\debug\pa9.tlog\link.write.1.tlog
